<?xml version="1.0" encoding="UTF-8"?>
<!-- Generated by org.testng.reporters.JUnitXMLReporter -->
<testsuite ignored="0" hostname="LAPTOP-IR46E1ER" failures="0" tests="4" name="Default test" time="13.813" errors="0" timestamp="2025-11-22T13:06:35 SAST">
  <testcase classname="com.sdet.tests.SauceDemoSmokeTests" name="testSuccessfulLogin" time="0.959"/>
  <testcase classname="com.sdet.tests.SauceDemoSmokeTests" name="testProductsDisplayed" time="0.931"/>
  <testcase classname="com.sdet.tests.SauceDemoSmokeTests" name="testAddProductToCart" time="1.028"/>
  <testcase classname="com.sdet.tests.SauceDemoSmokeTests" name="testCompleteCheckout" time="1.268"/>
</testsuite> <!-- Default test -->
