<?xml version="1.0" encoding="UTF-8"?>
<!-- Generated by org.testng.reporters.JUnitXMLReporter -->
<testsuite ignored="0" hostname="LAPTOP-IR46E1ER" failures="0" tests="4" name="Smoke Tests" time="151.523" errors="0" timestamp="2025-11-22T12:34:55 SAST">
  <testcase classname="com.sdet.tests.SauceDemoSmokeTests" name="testSuccessfulLogin" time="3.986"/>
  <testcase classname="com.sdet.tests.SauceDemoSmokeTests" name="testProductsDisplayed" time="0.944"/>
  <testcase classname="com.sdet.tests.SauceDemoSmokeTests" name="testAddProductToCart" time="0.994"/>
  <testcase classname="com.sdet.tests.SauceDemoSmokeTests" name="testCompleteCheckout" time="1.227"/>
</testsuite> <!-- Smoke Tests -->
