<?xml version="1.0" encoding="UTF-8"?>
<testng-results ignored="0" total="4" passed="4" failed="0" skipped="0">
  <reporter-output>
  </reporter-output>
  <suite started-at="2025-11-22T13:06:21 SAST" name="Default suite" finished-at="2025-11-22T13:06:35 SAST" duration-ms="13813">
    <groups>
    </groups>
    <test started-at="2025-11-22T13:06:21 SAST" name="Default test" finished-at="2025-11-22T13:06:35 SAST" duration-ms="13813">
      <class name="com.sdet.tests.SauceDemoSmokeTests">
        <test-method is-config="true" signature="setUp()[pri:0, instance:com.sdet.tests.SauceDemoSmokeTests@8dbdac1]" started-at="2025-11-22T13:06:21 SAST" name="setUp" finished-at="2025-11-22T13:06:27 SAST" duration-ms="5822" status="PASS">
          <reporter-output>
          </reporter-output>
        </test-method> <!-- setUp -->
        <test-method signature="testSuccessfulLogin()[pri:1, instance:com.sdet.tests.SauceDemoSmokeTests@8dbdac1]" started-at="2025-11-22T13:06:27 SAST" name="testSuccessfulLogin" description="Verify successful login" finished-at="2025-11-22T13:06:28 SAST" duration-ms="959" status="PASS">
          <reporter-output>
          </reporter-output>
        </test-method> <!-- testSuccessfulLogin -->
        <test-method is-config="true" signature="tearDown()[pri:0, instance:com.sdet.tests.SauceDemoSmokeTests@8dbdac1]" started-at="2025-11-22T13:06:28 SAST" name="tearDown" finished-at="2025-11-22T13:06:28 SAST" duration-ms="64" status="PASS">
          <reporter-output>
          </reporter-output>
        </test-method> <!-- tearDown -->
        <test-method is-config="true" signature="setUp()[pri:0, instance:com.sdet.tests.SauceDemoSmokeTests@8dbdac1]" started-at="2025-11-22T13:06:28 SAST" name="setUp" finished-at="2025-11-22T13:06:29 SAST" duration-ms="778" status="PASS">
          <reporter-output>
          </reporter-output>
        </test-method> <!-- setUp -->
        <test-method signature="testProductsDisplayed()[pri:2, instance:com.sdet.tests.SauceDemoSmokeTests@8dbdac1]" started-at="2025-11-22T13:06:29 SAST" name="testProductsDisplayed" description="Verify products are displayed" finished-at="2025-11-22T13:06:30 SAST" duration-ms="931" status="PASS">
          <reporter-output>
          </reporter-output>
        </test-method> <!-- testProductsDisplayed -->
        <test-method is-config="true" signature="tearDown()[pri:0, instance:com.sdet.tests.SauceDemoSmokeTests@8dbdac1]" started-at="2025-11-22T13:06:30 SAST" name="tearDown" finished-at="2025-11-22T13:06:30 SAST" duration-ms="60" status="PASS">
          <reporter-output>
          </reporter-output>
        </test-method> <!-- tearDown -->
        <test-method is-config="true" signature="setUp()[pri:0, instance:com.sdet.tests.SauceDemoSmokeTests@8dbdac1]" started-at="2025-11-22T13:06:30 SAST" name="setUp" finished-at="2025-11-22T13:06:31 SAST" duration-ms="873" status="PASS">
          <reporter-output>
          </reporter-output>
        </test-method> <!-- setUp -->
        <test-method signature="testAddProductToCart()[pri:3, instance:com.sdet.tests.SauceDemoSmokeTests@8dbdac1]" started-at="2025-11-22T13:06:31 SAST" name="testAddProductToCart" description="Verify add to cart" finished-at="2025-11-22T13:06:32 SAST" duration-ms="1028" status="PASS">
          <reporter-output>
          </reporter-output>
        </test-method> <!-- testAddProductToCart -->
        <test-method is-config="true" signature="tearDown()[pri:0, instance:com.sdet.tests.SauceDemoSmokeTests@8dbdac1]" started-at="2025-11-22T13:06:32 SAST" name="tearDown" finished-at="2025-11-22T13:06:32 SAST" duration-ms="641" status="PASS">
          <reporter-output>
          </reporter-output>
        </test-method> <!-- tearDown -->
        <test-method is-config="true" signature="setUp()[pri:0, instance:com.sdet.tests.SauceDemoSmokeTests@8dbdac1]" started-at="2025-11-22T13:06:32 SAST" name="setUp" finished-at="2025-11-22T13:06:34 SAST" duration-ms="1287" status="PASS">
          <reporter-output>
          </reporter-output>
        </test-method> <!-- setUp -->
        <test-method signature="testCompleteCheckout()[pri:4, instance:com.sdet.tests.SauceDemoSmokeTests@8dbdac1]" started-at="2025-11-22T13:06:34 SAST" name="testCompleteCheckout" description="Verify checkout process" finished-at="2025-11-22T13:06:35 SAST" duration-ms="1268" status="PASS">
          <reporter-output>
          </reporter-output>
        </test-method> <!-- testCompleteCheckout -->
        <test-method is-config="true" signature="tearDown()[pri:0, instance:com.sdet.tests.SauceDemoSmokeTests@8dbdac1]" started-at="2025-11-22T13:06:35 SAST" name="tearDown" finished-at="2025-11-22T13:06:35 SAST" duration-ms="59" status="PASS">
          <reporter-output>
          </reporter-output>
        </test-method> <!-- tearDown -->
      </class> <!-- com.sdet.tests.SauceDemoSmokeTests -->
    </test> <!-- Default test -->
  </suite> <!-- Default suite -->
</testng-results>
