<?xml version="1.0" encoding="UTF-8"?>
<!-- Generated by org.testng.reporters.JUnitReportReporter -->
<testsuite hostname="LAPTOP-IR46E1ER" failures="0" tests="4" name="com.sdet.tests.SauceDemoSmokeTests" time="13.770" errors="0" timestamp="2025-11-22T13:06:35 SAST" skipped="0">
  <testcase classname="com.sdet.tests.SauceDemoSmokeTests" name="testSuccessfulLogin" time="1.801"/>
  <testcase classname="com.sdet.tests.SauceDemoSmokeTests" name="testProductsDisplayed" time="2.859"/>
  <testcase classname="com.sdet.tests.SauceDemoSmokeTests" name="testAddProductToCart" time="6.909"/>
  <testcase classname="com.sdet.tests.SauceDemoSmokeTests" name="testCompleteCheckout" time="2.201"/>
</testsuite> <!-- com.sdet.tests.SauceDemoSmokeTests -->
